14-Jun-2025 16:22:08.500 INFO [main] org.apache.catalina.startup.VersionLoggerListener.log Server version name:   Apache Tomcat/10.1.42
14-Jun-2025 16:22:08.505 INFO [main] org.apache.catalina.startup.VersionLoggerListener.log Server built:          Jun 5 2025 22:35:46 UTC
14-Jun-2025 16:22:08.505 INFO [main] org.apache.catalina.startup.VersionLoggerListener.log Server version number: 10.1.42.0
14-Jun-2025 16:22:08.505 INFO [main] org.apache.catalina.startup.VersionLoggerListener.log OS Name:               Windows 10
14-Jun-2025 16:22:08.505 INFO [main] org.apache.catalina.startup.VersionLoggerListener.log OS Version:            10.0
14-Jun-2025 16:22:08.505 INFO [main] org.apache.catalina.startup.VersionLoggerListener.log Architecture:          amd64
14-Jun-2025 16:22:08.505 INFO [main] org.apache.catalina.startup.VersionLoggerListener.log Java Home:             C:\Program Files\Java\jdk-17
14-Jun-2025 16:22:08.505 INFO [main] org.apache.catalina.startup.VersionLoggerListener.log JVM Version:           17.0.13+10-LTS-268
14-Jun-2025 16:22:08.506 INFO [main] org.apache.catalina.startup.VersionLoggerListener.log JVM Vendor:            Oracle Corporation
14-Jun-2025 16:22:08.506 INFO [main] org.apache.catalina.startup.VersionLoggerListener.log CATALINA_BASE:         F:\JSP\JSP\apache-tomcat-10.1.42
14-Jun-2025 16:22:08.506 INFO [main] org.apache.catalina.startup.VersionLoggerListener.log CATALINA_HOME:         F:\JSP\JSP\apache-tomcat-10.1.42
14-Jun-2025 16:22:08.530 INFO [main] org.apache.catalina.startup.VersionLoggerListener.log Command line argument: -Djava.util.logging.config.file=F:\JSP\JSP\apache-tomcat-10.1.42\conf\logging.properties
14-Jun-2025 16:22:08.530 INFO [main] org.apache.catalina.startup.VersionLoggerListener.log Command line argument: -Djava.util.logging.manager=org.apache.juli.ClassLoaderLogManager
14-Jun-2025 16:22:08.530 INFO [main] org.apache.catalina.startup.VersionLoggerListener.log Command line argument: -Djdk.tls.ephemeralDHKeySize=2048
14-Jun-2025 16:22:08.530 INFO [main] org.apache.catalina.startup.VersionLoggerListener.log Command line argument: -Djava.protocol.handler.pkgs=org.apache.catalina.webresources
14-Jun-2025 16:22:08.530 INFO [main] org.apache.catalina.startup.VersionLoggerListener.log Command line argument: -Dsun.io.useCanonCaches=false
14-Jun-2025 16:22:08.530 INFO [main] org.apache.catalina.startup.VersionLoggerListener.log Command line argument: --add-opens=java.base/java.lang=ALL-UNNAMED
14-Jun-2025 16:22:08.530 INFO [main] org.apache.catalina.startup.VersionLoggerListener.log Command line argument: --add-opens=java.base/java.lang.reflect=ALL-UNNAMED
14-Jun-2025 16:22:08.530 INFO [main] org.apache.catalina.startup.VersionLoggerListener.log Command line argument: --add-opens=java.base/java.io=ALL-UNNAMED
14-Jun-2025 16:22:08.531 INFO [main] org.apache.catalina.startup.VersionLoggerListener.log Command line argument: --add-opens=java.base/java.util=ALL-UNNAMED
14-Jun-2025 16:22:08.531 INFO [main] org.apache.catalina.startup.VersionLoggerListener.log Command line argument: --add-opens=java.base/java.util.concurrent=ALL-UNNAMED
14-Jun-2025 16:22:08.531 INFO [main] org.apache.catalina.startup.VersionLoggerListener.log Command line argument: --add-opens=java.rmi/sun.rmi.transport=ALL-UNNAMED
14-Jun-2025 16:22:08.531 INFO [main] org.apache.catalina.startup.VersionLoggerListener.log Command line argument: -Dcatalina.base=F:\JSP\JSP\apache-tomcat-10.1.42
14-Jun-2025 16:22:08.531 INFO [main] org.apache.catalina.startup.VersionLoggerListener.log Command line argument: -Dcatalina.home=F:\JSP\JSP\apache-tomcat-10.1.42
14-Jun-2025 16:22:08.531 INFO [main] org.apache.catalina.startup.VersionLoggerListener.log Command line argument: -Djava.io.tmpdir=F:\JSP\JSP\apache-tomcat-10.1.42\temp
14-Jun-2025 16:22:08.591 INFO [main] org.apache.catalina.core.AprLifecycleListener.lifecycleEvent Loaded Apache Tomcat Native library [2.0.9] using APR version [1.7.6].
14-Jun-2025 16:22:08.636 INFO [main] org.apache.catalina.core.AprLifecycleListener.initializeSSL OpenSSL successfully initialized [OpenSSL 3.5.0 8 Apr 2025]
14-Jun-2025 16:22:09.019 INFO [main] org.apache.coyote.AbstractProtocol.init Initializing ProtocolHandler ["http-nio-8080"]
14-Jun-2025 16:22:09.073 INFO [main] org.apache.catalina.startup.Catalina.load Server initialization in [989] milliseconds
14-Jun-2025 16:22:09.214 INFO [main] org.apache.catalina.core.StandardService.startInternal Starting service [Catalina]
14-Jun-2025 16:22:09.215 INFO [main] org.apache.catalina.core.StandardEngine.startInternal Starting Servlet engine: [Apache Tomcat/10.1.42]
14-Jun-2025 16:22:09.234 INFO [main] org.apache.catalina.startup.HostConfig.deployDirectory Deploying web application directory [F:\JSP\JSP\apache-tomcat-10.1.42\webapps\docs]
14-Jun-2025 16:22:09.726 INFO [main] org.apache.catalina.startup.HostConfig.deployDirectory Deployment of web application directory [F:\JSP\JSP\apache-tomcat-10.1.42\webapps\docs] has finished in [491] ms
14-Jun-2025 16:22:09.727 INFO [main] org.apache.catalina.startup.HostConfig.deployDirectory Deploying web application directory [F:\JSP\JSP\apache-tomcat-10.1.42\webapps\examples]
14-Jun-2025 16:22:10.225 INFO [main] org.apache.catalina.startup.HostConfig.deployDirectory Deployment of web application directory [F:\JSP\JSP\apache-tomcat-10.1.42\webapps\examples] has finished in [499] ms
14-Jun-2025 16:22:10.225 INFO [main] org.apache.catalina.startup.HostConfig.deployDirectory Deploying web application directory [F:\JSP\JSP\apache-tomcat-10.1.42\webapps\host-manager]
14-Jun-2025 16:22:10.271 INFO [main] org.apache.catalina.startup.HostConfig.deployDirectory Deployment of web application directory [F:\JSP\JSP\apache-tomcat-10.1.42\webapps\host-manager] has finished in [45] ms
14-Jun-2025 16:22:10.271 INFO [main] org.apache.catalina.startup.HostConfig.deployDirectory Deploying web application directory [F:\JSP\JSP\apache-tomcat-10.1.42\webapps\manager]
14-Jun-2025 16:22:10.305 INFO [main] org.apache.catalina.startup.HostConfig.deployDirectory Deployment of web application directory [F:\JSP\JSP\apache-tomcat-10.1.42\webapps\manager] has finished in [33] ms
14-Jun-2025 16:22:10.305 INFO [main] org.apache.catalina.startup.HostConfig.deployDirectory Deploying web application directory [F:\JSP\JSP\apache-tomcat-10.1.42\webapps\ROOT]
14-Jun-2025 16:22:10.338 INFO [main] org.apache.catalina.startup.HostConfig.deployDirectory Deployment of web application directory [F:\JSP\JSP\apache-tomcat-10.1.42\webapps\ROOT] has finished in [33] ms
14-Jun-2025 16:22:10.345 INFO [main] org.apache.coyote.AbstractProtocol.start Starting ProtocolHandler ["http-nio-8080"]
14-Jun-2025 16:22:10.413 INFO [main] org.apache.catalina.startup.Catalina.start Server startup in [1339] milliseconds
14-Jun-2025 18:02:11.445 INFO [http-nio-8080-exec-4] org.apache.catalina.startup.HostConfig.deployDescriptor Deploying deployment descriptor [F:\JSP\JSP\apache-tomcat-10.1.42\conf\Catalina\localhost\JSPFirstClass.xml]
14-Jun-2025 18:02:11.445 WARNING [http-nio-8080-exec-4] org.apache.catalina.startup.HostConfig.deployDescriptor The path attribute with value [/JSPFirstClass] in deployment descriptor [F:\JSP\JSP\apache-tomcat-10.1.42\conf\Catalina\localhost\JSPFirstClass.xml] has been ignored
14-Jun-2025 18:02:11.468 INFO [http-nio-8080-exec-4] org.apache.catalina.startup.HostConfig.deployDescriptor Deployment of deployment descriptor [F:\JSP\JSP\apache-tomcat-10.1.42\conf\Catalina\localhost\JSPFirstClass.xml] has finished in [23] ms
14-Jun-2025 18:02:11.471 INFO [http-nio-8080-exec-2] org.apache.catalina.util.LifecycleBase.start The start() method was called on component [StandardEngine[Catalina].StandardHost[localhost].StandardContext[/JSPFirstClass]] after start() had already been called. The second call will be ignored.
14-Jun-2025 18:03:44.077 INFO [http-nio-8080-exec-6] org.apache.catalina.startup.HostConfig.undeploy Undeploying context [/JSPFirstClass]
14-Jun-2025 18:52:00.337 INFO [main] org.apache.catalina.core.StandardServer.await A valid shutdown command was received via the shutdown port. Stopping the Server instance.
14-Jun-2025 18:52:00.337 INFO [main] org.apache.coyote.AbstractProtocol.pause Pausing ProtocolHandler ["http-nio-8080"]
14-Jun-2025 18:52:00.378 INFO [main] org.apache.catalina.core.StandardService.stopInternal Stopping service [Catalina]
14-Jun-2025 18:52:00.388 INFO [main] org.apache.coyote.AbstractProtocol.stop Stopping ProtocolHandler ["http-nio-8080"]
14-Jun-2025 18:52:00.390 INFO [main] org.apache.coyote.AbstractProtocol.destroy Destroying ProtocolHandler ["http-nio-8080"]
