15-Jun-2025 00:02:16.818 INFO [http-nio-8080-exec-29] org.apache.catalina.core.StandardContext.reload Reloading Context with name [] has started
15-Jun-2025 00:02:17.539 INFO [http-nio-8080-exec-29] org.apache.jasper.servlet.TldScanner.scanJars At least one JAR was scanned for TLDs yet contained no TLDs. Enable debug logging for this logger for a complete list of JARs that were scanned but no TLDs were found in them. Skipping unneeded JARs during scanning can improve startup time and JSP compilation time.
15-Jun-2025 00:02:17.558 INFO [http-nio-8080-exec-29] org.apache.catalina.core.StandardContext.reload Reloading Context with name [] is completed
15-Jun-2025 00:02:18.079 INFO [http-nio-8080-exec-12] org.apache.catalina.core.StandardContext.reload Reloading Context with name [] has started
15-Jun-2025 00:02:18.729 INFO [http-nio-8080-exec-12] org.apache.jasper.servlet.TldScanner.scanJars At least one JAR was scanned for TLDs yet contained no TLDs. Enable debug logging for this logger for a complete list of JARs that were scanned but no TLDs were found in them. Skipping unneeded JARs during scanning can improve startup time and JSP compilation time.
15-Jun-2025 00:02:18.754 INFO [http-nio-8080-exec-12] org.apache.catalina.core.StandardContext.reload Reloading Context with name [] is completed
15-Jun-2025 00:02:19.083 INFO [http-nio-8080-exec-26] org.apache.catalina.core.StandardContext.reload Reloading Context with name [] has started
15-Jun-2025 00:02:19.591 INFO [http-nio-8080-exec-26] org.apache.jasper.servlet.TldScanner.scanJars At least one JAR was scanned for TLDs yet contained no TLDs. Enable debug logging for this logger for a complete list of JARs that were scanned but no TLDs were found in them. Skipping unneeded JARs during scanning can improve startup time and JSP compilation time.
15-Jun-2025 00:02:19.608 INFO [http-nio-8080-exec-26] org.apache.catalina.core.StandardContext.reload Reloading Context with name [] is completed
15-Jun-2025 00:02:24.403 INFO [http-nio-8080-exec-28] org.apache.catalina.startup.HostConfig.undeploy Undeploying context []
15-Jun-2025 01:14:48.962 INFO [main] org.apache.catalina.startup.VersionLoggerListener.log Server version name:   Apache Tomcat/10.1.42
15-Jun-2025 01:14:48.968 INFO [main] org.apache.catalina.startup.VersionLoggerListener.log Server built:          Jun 5 2025 22:35:46 UTC
15-Jun-2025 01:14:48.969 INFO [main] org.apache.catalina.startup.VersionLoggerListener.log Server version number: 10.1.42.0
15-Jun-2025 01:14:48.969 INFO [main] org.apache.catalina.startup.VersionLoggerListener.log OS Name:               Windows 10
15-Jun-2025 01:14:48.970 INFO [main] org.apache.catalina.startup.VersionLoggerListener.log OS Version:            10.0
15-Jun-2025 01:14:48.970 INFO [main] org.apache.catalina.startup.VersionLoggerListener.log Architecture:          amd64
15-Jun-2025 01:14:48.972 INFO [main] org.apache.catalina.startup.VersionLoggerListener.log Java Home:             C:\Program Files\Java\jdk-17.0.5
15-Jun-2025 01:14:48.972 INFO [main] org.apache.catalina.startup.VersionLoggerListener.log JVM Version:           17.0.5+9-LTS-191
15-Jun-2025 01:14:48.973 INFO [main] org.apache.catalina.startup.VersionLoggerListener.log JVM Vendor:            Oracle Corporation
15-Jun-2025 01:14:48.974 INFO [main] org.apache.catalina.startup.VersionLoggerListener.log CATALINA_BASE:         D:\JSP\apache-tomcat-10.1.42
15-Jun-2025 01:14:48.974 INFO [main] org.apache.catalina.startup.VersionLoggerListener.log CATALINA_HOME:         D:\JSP\apache-tomcat-10.1.42
15-Jun-2025 01:14:48.986 INFO [main] org.apache.catalina.startup.VersionLoggerListener.log Command line argument: -Djava.util.logging.config.file=D:\JSP\apache-tomcat-10.1.42\conf\logging.properties
15-Jun-2025 01:14:48.986 INFO [main] org.apache.catalina.startup.VersionLoggerListener.log Command line argument: -Djava.util.logging.manager=org.apache.juli.ClassLoaderLogManager
15-Jun-2025 01:14:48.987 INFO [main] org.apache.catalina.startup.VersionLoggerListener.log Command line argument: -Djdk.tls.ephemeralDHKeySize=2048
15-Jun-2025 01:14:48.987 INFO [main] org.apache.catalina.startup.VersionLoggerListener.log Command line argument: -Djava.protocol.handler.pkgs=org.apache.catalina.webresources
15-Jun-2025 01:14:48.987 INFO [main] org.apache.catalina.startup.VersionLoggerListener.log Command line argument: -Dsun.io.useCanonCaches=false
15-Jun-2025 01:14:48.987 INFO [main] org.apache.catalina.startup.VersionLoggerListener.log Command line argument: --add-opens=java.base/java.lang=ALL-UNNAMED
15-Jun-2025 01:14:48.987 INFO [main] org.apache.catalina.startup.VersionLoggerListener.log Command line argument: --add-opens=java.base/java.lang.reflect=ALL-UNNAMED
15-Jun-2025 01:14:48.988 INFO [main] org.apache.catalina.startup.VersionLoggerListener.log Command line argument: --add-opens=java.base/java.io=ALL-UNNAMED
15-Jun-2025 01:14:48.988 INFO [main] org.apache.catalina.startup.VersionLoggerListener.log Command line argument: --add-opens=java.base/java.util=ALL-UNNAMED
15-Jun-2025 01:14:48.988 INFO [main] org.apache.catalina.startup.VersionLoggerListener.log Command line argument: --add-opens=java.base/java.util.concurrent=ALL-UNNAMED
15-Jun-2025 01:14:48.988 INFO [main] org.apache.catalina.startup.VersionLoggerListener.log Command line argument: --add-opens=java.rmi/sun.rmi.transport=ALL-UNNAMED
15-Jun-2025 01:14:48.988 INFO [main] org.apache.catalina.startup.VersionLoggerListener.log Command line argument: -Dcatalina.base=D:\JSP\apache-tomcat-10.1.42
15-Jun-2025 01:14:48.988 INFO [main] org.apache.catalina.startup.VersionLoggerListener.log Command line argument: -Dcatalina.home=D:\JSP\apache-tomcat-10.1.42
15-Jun-2025 01:14:48.989 INFO [main] org.apache.catalina.startup.VersionLoggerListener.log Command line argument: -Djava.io.tmpdir=D:\JSP\apache-tomcat-10.1.42\temp
15-Jun-2025 01:14:49.014 INFO [main] org.apache.catalina.core.AprLifecycleListener.lifecycleEvent Loaded Apache Tomcat Native library [2.0.9] using APR version [1.7.6].
15-Jun-2025 01:14:49.065 INFO [main] org.apache.catalina.core.AprLifecycleListener.initializeSSL OpenSSL successfully initialized [OpenSSL 3.5.0 8 Apr 2025]
15-Jun-2025 01:14:49.446 INFO [main] org.apache.coyote.AbstractProtocol.init Initializing ProtocolHandler ["http-nio-8080"]
15-Jun-2025 01:14:49.570 INFO [main] org.apache.catalina.startup.Catalina.load Server initialization in [848] milliseconds
15-Jun-2025 01:14:49.707 INFO [main] org.apache.catalina.core.StandardService.startInternal Starting service [Catalina]
15-Jun-2025 01:14:49.707 INFO [main] org.apache.catalina.core.StandardEngine.startInternal Starting Servlet engine: [Apache Tomcat/10.1.42]
15-Jun-2025 01:14:49.729 INFO [main] org.apache.catalina.startup.HostConfig.deployDirectory Deploying web application directory [D:\JSP\apache-tomcat-10.1.42\webapps\docs]
15-Jun-2025 01:14:50.140 INFO [main] org.apache.catalina.startup.HostConfig.deployDirectory Deployment of web application directory [D:\JSP\apache-tomcat-10.1.42\webapps\docs] has finished in [410] ms
15-Jun-2025 01:14:50.140 INFO [main] org.apache.catalina.startup.HostConfig.deployDirectory Deploying web application directory [D:\JSP\apache-tomcat-10.1.42\webapps\examples]
15-Jun-2025 01:14:50.536 INFO [main] org.apache.catalina.startup.HostConfig.deployDirectory Deployment of web application directory [D:\JSP\apache-tomcat-10.1.42\webapps\examples] has finished in [394] ms
15-Jun-2025 01:14:50.536 INFO [main] org.apache.catalina.startup.HostConfig.deployDirectory Deploying web application directory [D:\JSP\apache-tomcat-10.1.42\webapps\host-manager]
15-Jun-2025 01:14:50.635 INFO [main] org.apache.catalina.startup.HostConfig.deployDirectory Deployment of web application directory [D:\JSP\apache-tomcat-10.1.42\webapps\host-manager] has finished in [99] ms
15-Jun-2025 01:14:50.635 INFO [main] org.apache.catalina.startup.HostConfig.deployDirectory Deploying web application directory [D:\JSP\apache-tomcat-10.1.42\webapps\manager]
15-Jun-2025 01:14:50.716 INFO [main] org.apache.catalina.startup.HostConfig.deployDirectory Deployment of web application directory [D:\JSP\apache-tomcat-10.1.42\webapps\manager] has finished in [80] ms
15-Jun-2025 01:14:50.724 INFO [main] org.apache.coyote.AbstractProtocol.start Starting ProtocolHandler ["http-nio-8080"]
15-Jun-2025 01:14:50.813 INFO [main] org.apache.catalina.startup.Catalina.start Server startup in [1242] milliseconds
15-Jun-2025 01:14:54.574 INFO [http-nio-8080-exec-3] org.apache.catalina.startup.HostConfig.deployDescriptor Deploying deployment descriptor [D:\JSP\apache-tomcat-10.1.42\conf\Catalina\localhost\ROOT.xml]
15-Jun-2025 01:14:54.576 WARNING [http-nio-8080-exec-3] org.apache.catalina.core.StandardContext.setPath A context path must either be an empty string or start with a '/' and do not end with a '/'. The path [/] does not meet these criteria and has been changed to []
15-Jun-2025 01:14:54.577 WARNING [http-nio-8080-exec-3] org.apache.catalina.startup.HostConfig.deployDescriptor The path attribute with value [] in deployment descriptor [D:\JSP\apache-tomcat-10.1.42\conf\Catalina\localhost\ROOT.xml] has been ignored
15-Jun-2025 01:14:55.311 INFO [http-nio-8080-exec-3] org.apache.jasper.servlet.TldScanner.scanJars At least one JAR was scanned for TLDs yet contained no TLDs. Enable debug logging for this logger for a complete list of JARs that were scanned but no TLDs were found in them. Skipping unneeded JARs during scanning can improve startup time and JSP compilation time.
15-Jun-2025 01:14:55.340 INFO [http-nio-8080-exec-3] org.apache.catalina.startup.HostConfig.deployDescriptor Deployment of deployment descriptor [D:\JSP\apache-tomcat-10.1.42\conf\Catalina\localhost\ROOT.xml] has finished in [766] ms
15-Jun-2025 01:14:55.345 INFO [http-nio-8080-exec-8] org.apache.catalina.util.LifecycleBase.start The start() method was called on component [StandardEngine[Catalina].StandardHost[localhost].StandardContext[]] after start() had already been called. The second call will be ignored.
15-Jun-2025 01:15:05.654 INFO [main] org.apache.catalina.core.StandardServer.await A valid shutdown command was received via the shutdown port. Stopping the Server instance.
15-Jun-2025 01:15:05.655 INFO [main] org.apache.coyote.AbstractProtocol.pause Pausing ProtocolHandler ["http-nio-8080"]
15-Jun-2025 01:15:05.847 INFO [main] org.apache.catalina.core.StandardService.stopInternal Stopping service [Catalina]
15-Jun-2025 01:15:05.868 INFO [main] org.apache.coyote.AbstractProtocol.stop Stopping ProtocolHandler ["http-nio-8080"]
15-Jun-2025 01:15:05.887 INFO [main] org.apache.coyote.AbstractProtocol.destroy Destroying ProtocolHandler ["http-nio-8080"]
